<?xml version="1.0" encoding="UTF-8"?>
<testsuite name="com.quantitymeasurement.QuantityMeasurementTest" tests="1" skipped="0" failures="0" errors="0" timestamp="2020-06-06T06:00:03" hostname="MADHU" time="0.003">
  <properties/>
  <testcase name="given1Liter1000MilliLiters_whenEqualed_shouldReturnTrue" classname="com.quantitymeasurement.QuantityMeasurementTest" time="0.003"/>
  <system-out><![CDATA[]]></system-out>
  <system-err><![CDATA[]]></system-err>
</testsuite>
