<?xml version="1.0" encoding="UTF-8"?>
<testsuite name="com.quantitymeasurement.QuantityMeasurementTest" tests="1" skipped="0" failures="0" errors="0" timestamp="2020-06-05T03:35:30" hostname="MADHU" time="0.003">
  <properties/>
  <testcase name="given1Cm2_54Inches_whenCompared_shouldReturnTrue" classname="com.quantitymeasurement.QuantityMeasurementTest" time="0.003"/>
  <system-out><![CDATA[]]></system-out>
  <system-err><![CDATA[]]></system-err>
</testsuite>
