<?xml version="1.0" encoding="UTF-8"?>
<testsuite name="com.quantitymeasurement.QuantityMeasurementTest" tests="1" skipped="0" failures="0" errors="0" timestamp="2020-06-06T06:17:02" hostname="MADHU" time="0.002">
  <properties/>
  <testcase name="given1Tonne1000Grams_whenAdded_shouldReturn1001Kgs" classname="com.quantitymeasurement.QuantityMeasurementTest" time="0.002"/>
  <system-out><![CDATA[]]></system-out>
  <system-err><![CDATA[]]></system-err>
</testsuite>
