<?xml version="1.0" encoding="UTF-8"?>
<testsuite name="com.quantitymeasurement.QuantityMeasurementTest" tests="8" skipped="0" failures="0" errors="0" timestamp="2020-06-03T18:40:57" hostname="MADHU" time="0.018">
  <properties/>
  <testcase name="givenSameFeetValues_whenReferencesAreNotEqual_shouldReturnFalse" classname="com.quantitymeasurement.QuantityMeasurementTest" time="0.006"/>
  <testcase name="givenSameInchValues_whenValuesAreEqual_shouldReturnTrue" classname="com.quantitymeasurement.QuantityMeasurementTest" time="0.006"/>
  <testcase name="givenZeroInches_whenEqual_shouldReturnTrue" classname="com.quantitymeasurement.QuantityMeasurementTest" time="0.0"/>
  <testcase name="givenNullValue_whenEqualedNull_shouldThrowException" classname="com.quantitymeasurement.QuantityMeasurementTest" time="0.001"/>
  <testcase name="givenSameInchValues_whenReferencesAreNotEqual_shouldReturnFalse" classname="com.quantitymeasurement.QuantityMeasurementTest" time="0.0"/>
  <testcase name="givenNullValue_whenNull_shouldThrowException" classname="com.quantitymeasurement.QuantityMeasurementTest" time="0.0"/>
  <testcase name="givenZeroFeet_whenEqual_shouldReturnTrue" classname="com.quantitymeasurement.QuantityMeasurementTest" time="0.0"/>
  <testcase name="givenSameFeetValues_whenValuesAreEqual_shouldReturnTrue" classname="com.quantitymeasurement.QuantityMeasurementTest" time="0.0"/>
  <system-out><![CDATA[]]></system-out>
  <system-err><![CDATA[]]></system-err>
</testsuite>
